<?xml version="1.0" encoding="UTF-8"?>
<!-- Generated by org.testng.reporters.JUnitReportReporter -->
<testsuite skipped="0" hostname="IELENSKAYA" name="branch.BranchIO.AppTest" tests="1" failures="0" timestamp="26 Aug 2018 23:40:37 GMT" time="9.333" errors="0">
  <testcase name="test" time="9.333" classname="branch.BranchIO.AppTest"/>
</testsuite> <!-- branch.BranchIO.AppTest -->
